<?xml version="1.0" encoding="UTF-8"?>
<!-- Generated by org.testng.reporters.JUnitReportReporter -->
<testsuite hostname="Supakans-MacBook-Pro.local" failures="0" tests="6" name="test.AmazonSeach" time="45.167" errors="0" timestamp="2023-01-05T19:09:43 EST" skipped="0">
  <testcase classname="test.AmazonSeach" name="AmazonSearchTest" time="3.257"/>
  <system-out/>
  <testcase classname="test.AmazonSeach" name="AmazonSearchTest" time="25.547"/>
  <system-out/>
  <testcase classname="test.AmazonSeach" name="AmazonSearchTest" time="5.429"/>
  <system-out/>
  <testcase classname="test.AmazonSeach" name="AmazonSearchTest" time="3.894"/>
  <system-out/>
  <testcase classname="test.AmazonSeach" name="AmazonSearchTest" time="3.424"/>
  <system-out/>
  <testcase classname="test.AmazonSeach" name="AmazonSearchTest" time="3.616"/>
  <system-out/>
</testsuite> <!-- test.AmazonSeach -->
