<?xml version="1.0" encoding="UTF-8"?>
<!-- Generated by org.testng.reporters.JUnitReportReporter -->
<testsuite hostname="Supakans-MacBook-Pro.local" failures="0" tests="9" name="petStoreApiTests.PetStoreApiTests" time="5.003" errors="0" timestamp="2023-01-05T21:51:56 EST" skipped="0">
  <testcase classname="petStoreApiTests.PetStoreApiTests" name="postAPet" time="0.151"/>
  <system-out/>
  <testcase classname="petStoreApiTests.PetStoreApiTests" name="createCatWithJsonFile" time="0.235"/>
  <system-out/>
  <testcase classname="petStoreApiTests.PetStoreApiTests" name="chainValidation" time="3.567"/>
  <system-out/>
  <testcase classname="petStoreApiTests.PetStoreApiTests" name="invalidIdUpdateCat" time="0.213"/>
  <system-out/>
  <testcase classname="petStoreApiTests.PetStoreApiTests" name="getById" time="0.285"/>
  <system-out/>
  <testcase classname="petStoreApiTests.PetStoreApiTests" name="postACat" time="0.156"/>
  <system-out/>
  <testcase classname="petStoreApiTests.PetStoreApiTests" name="findPetByStatus" time="0.143"/>
  <system-out/>
  <testcase classname="petStoreApiTests.PetStoreApiTests" name="updateCat" time="0.139"/>
  <system-out/>
  <testcase classname="petStoreApiTests.PetStoreApiTests" name="getPetById" time="0.114"/>
  <system-out/>
</testsuite> <!-- petStoreApiTests.PetStoreApiTests -->
